2021-08-11 17:28:08,468 - INFO [com.chase.application.Application]: Logger initialized
2021-08-11 17:28:09,443 - INFO [com.chase.application.Application]: DAO initialized
2021-08-11 17:28:09,458 - INFO [com.chase.application.Application]: Input Manager initialized
2021-08-12 10:15:00,511 - INFO [com.chase.application.Application]: Logger initialized
2021-08-12 10:15:02,602 - INFO [com.chase.application.Application]: DAO initialized
2021-08-12 10:15:02,651 - INFO [com.chase.application.Application]: Input Manager initialized
2021-08-12 10:17:50,392 - INFO [com.chase.application.Application]: User logged in
2021-08-12 10:18:14,938 - INFO [com.chase.application.Application]: User logged out
2021-08-12 10:18:23,745 - INFO [com.chase.application.Application]: User logged in
2021-08-12 10:24:14,345 - INFO [com.chase.application.Application]: User logged out
2021-08-12 10:24:19,642 - INFO [com.chase.application.Application]: User logged in
2021-08-12 10:57:34,927 - INFO [com.chase.application.Application]: Logger initialized
2021-08-12 10:57:36,996 - INFO [com.chase.application.Application]: DAO initialized
2021-08-12 10:57:37,016 - INFO [com.chase.application.Application]: Input Manager initialized
2021-08-12 10:57:46,414 - INFO [com.chase.application.Application]: User logged in
2021-08-12 11:00:25,051 - INFO [com.chase.application.Application]: Logger initialized
2021-08-12 11:00:26,115 - INFO [com.chase.application.Application]: DAO initialized
2021-08-12 11:00:26,135 - INFO [com.chase.application.Application]: Input Manager initialized
2021-08-12 11:00:33,094 - INFO [com.chase.application.Application]: User logged in
2021-08-12 11:01:15,727 - INFO [com.chase.application.Application]: Logger initialized
2021-08-12 11:01:17,070 - INFO [com.chase.application.Application]: DAO initialized
2021-08-12 11:01:17,100 - INFO [com.chase.application.Application]: Input Manager initialized
2021-08-12 11:01:55,829 - INFO [com.chase.application.Application]: User logged in
2021-08-12 11:04:04,206 - INFO [com.chase.application.Application]: Logger initialized
2021-08-12 11:04:05,588 - INFO [com.chase.application.Application]: DAO initialized
2021-08-12 11:04:05,608 - INFO [com.chase.application.Application]: Input Manager initialized
2021-08-12 11:04:13,123 - INFO [com.chase.application.Application]: User logged in
2021-08-12 11:05:54,589 - INFO [com.chase.application.Application]: Logger initialized
2021-08-12 11:05:55,574 - INFO [com.chase.application.Application]: DAO initialized
2021-08-12 11:05:55,592 - INFO [com.chase.application.Application]: Input Manager initialized
2021-08-12 11:07:45,564 - INFO [com.chase.application.Application]: Logger initialized
2021-08-12 11:07:46,643 - INFO [com.chase.application.Application]: DAO initialized
2021-08-12 11:07:46,691 - INFO [com.chase.application.Application]: Input Manager initialized
2021-08-12 11:07:52,526 - INFO [com.chase.application.Application]: User logged in
2021-08-12 11:08:22,018 - INFO [com.chase.application.Application]: Logger initialized
2021-08-12 11:08:23,434 - INFO [com.chase.application.Application]: DAO initialized
2021-08-12 11:08:23,490 - INFO [com.chase.application.Application]: Input Manager initialized
2021-08-12 11:08:27,934 - INFO [com.chase.application.Application]: User logged in
2021-08-12 11:10:00,437 - INFO [com.chase.application.Application]: Logger initialized
2021-08-12 11:10:01,760 - INFO [com.chase.application.Application]: DAO initialized
2021-08-12 11:10:01,809 - INFO [com.chase.application.Application]: Input Manager initialized
2021-08-12 11:10:20,664 - INFO [com.chase.application.Application]: User logged in
